<?xml version="1.0" encoding="UTF-8"?>
<!-- Generated by org.testng.reporters.JUnitXMLReporter -->
<testsuite ignored="0" hostname="DESKTOP-ARQSK1R" failures="1" tests="2" name="Flipkart Demo Automation" time="17.105" errors="0" timestamp="04 Aug 2020 08:51:21 GMT">
  <testcase classname="com.flipkart.test.HomePageTest" name="verifyLoginButton" time="0.027">
    <failure type="java.lang.AssertionError" message="expected [11] but found [10]">
      <![CDATA[java.lang.AssertionError: expected [11] but found [10]
at com.flipkart.test.HomePageTest.verifyLoginButton(HomePageTest.java:24)
... Removed 31 stack frames]]>
    </failure>
  </testcase> <!-- verifyLoginButton -->
  <testcase classname="com.flipkart.test.HomePageTest" name="verifyLoginPopUp" time="0.006"/>
</testsuite> <!-- Flipkart Demo Automation -->
