<?xml version="1.0" encoding="UTF-8"?>
<testng-results ignored="0" total="2" passed="1" failed="1" skipped="0">
  <reporter-output>
  </reporter-output>
  <suite started-at="2020-08-04T08:51:03Z" name="Flipkart Automation Suite" finished-at="2020-08-04T08:51:21Z" duration-ms="17105">
    <groups>
    </groups>
    <test started-at="2020-08-04T08:51:03Z" name="Flipkart Demo Automation" finished-at="2020-08-04T08:51:21Z" duration-ms="17105">
      <class name="com.flipkart.test.HomePageTest">
        <test-method is-config="true" signature="launchBrowser()[pri:0, instance:com.flipkart.test.HomePageTest@568ff82]" started-at="2020-08-04T08:51:04Z" name="launchBrowser" finished-at="2020-08-04T08:51:11Z" duration-ms="6923" status="PASS">
          <reporter-output>
          </reporter-output>
        </test-method> <!-- launchBrowser -->
        <test-method signature="verifyLoginButton()[pri:0, instance:com.flipkart.test.HomePageTest@568ff82]" started-at="2020-08-04T08:51:11Z" name="verifyLoginButton" finished-at="2020-08-04T08:51:11Z" duration-ms="27" status="FAIL">
          <exception class="java.lang.AssertionError">
            <message>
              <![CDATA[expected [11] but found [10]]]>
            </message>
            <full-stacktrace>
              <![CDATA[java.lang.AssertionError: expected [11] but found [10]
at org.testng.Assert.fail(Assert.java:96)
at org.testng.Assert.failNotEquals(Assert.java:776)
at org.testng.Assert.assertEqualsImpl(Assert.java:137)
at org.testng.Assert.assertEquals(Assert.java:118)
at org.testng.Assert.assertEquals(Assert.java:652)
at org.testng.Assert.assertEquals(Assert.java:662)
at com.flipkart.test.HomePageTest.verifyLoginButton(HomePageTest.java:24)
at java.base/jdk.internal.reflect.NativeMethodAccessorImpl.invoke0(Native Method)
at java.base/jdk.internal.reflect.NativeMethodAccessorImpl.invoke(NativeMethodAccessorImpl.java:62)
at java.base/jdk.internal.reflect.DelegatingMethodAccessorImpl.invoke(DelegatingMethodAccessorImpl.java:43)
at java.base/java.lang.reflect.Method.invoke(Method.java:566)
at org.testng.internal.MethodInvocationHelper.invokeMethod(MethodInvocationHelper.java:124)
at org.testng.internal.Invoker.invokeMethod(Invoker.java:583)
at org.testng.internal.Invoker.invokeTestMethod(Invoker.java:719)
at org.testng.internal.Invoker.invokeTestMethods(Invoker.java:989)
at org.testng.internal.TestMethodWorker.invokeTestMethods(TestMethodWorker.java:125)
at org.testng.internal.TestMethodWorker.run(TestMethodWorker.java:109)
at org.testng.TestRunner.privateRun(TestRunner.java:648)
at org.testng.TestRunner.run(TestRunner.java:505)
at org.testng.SuiteRunner.runTest(SuiteRunner.java:455)
at org.testng.SuiteRunner.runSequentially(SuiteRunner.java:450)
at org.testng.SuiteRunner.privateRun(SuiteRunner.java:415)
at org.testng.SuiteRunner.run(SuiteRunner.java:364)
at org.testng.SuiteRunnerWorker.runSuite(SuiteRunnerWorker.java:52)
at org.testng.SuiteRunnerWorker.run(SuiteRunnerWorker.java:84)
at org.testng.TestNG.runSuitesSequentially(TestNG.java:1208)
at org.testng.TestNG.runSuitesLocally(TestNG.java:1137)
at org.testng.TestNG.runSuites(TestNG.java:1049)
at org.testng.TestNG.run(TestNG.java:1017)
at org.testng.remote.AbstractRemoteTestNG.run(AbstractRemoteTestNG.java:115)
at org.testng.remote.RemoteTestNG.initAndRun(RemoteTestNG.java:251)
at org.testng.remote.RemoteTestNG.main(RemoteTestNG.java:77)
]]>
            </full-stacktrace>
          </exception> <!-- java.lang.AssertionError -->
          <reporter-output>
          </reporter-output>
        </test-method> <!-- verifyLoginButton -->
        <test-method is-config="true" signature="closeBrowser()[pri:0, instance:com.flipkart.test.HomePageTest@568ff82]" started-at="2020-08-04T08:51:12Z" name="closeBrowser" finished-at="2020-08-04T08:51:12Z" duration-ms="800" status="PASS">
          <reporter-output>
          </reporter-output>
        </test-method> <!-- closeBrowser -->
        <test-method is-config="true" signature="launchBrowser()[pri:0, instance:com.flipkart.test.HomePageTest@568ff82]" started-at="2020-08-04T08:51:12Z" name="launchBrowser" finished-at="2020-08-04T08:51:19Z" duration-ms="6198" status="PASS">
          <reporter-output>
          </reporter-output>
        </test-method> <!-- launchBrowser -->
        <test-method signature="verifyLoginPopUp()[pri:0, instance:com.flipkart.test.HomePageTest@568ff82]" started-at="2020-08-04T08:51:19Z" name="verifyLoginPopUp" finished-at="2020-08-04T08:51:19Z" duration-ms="6" status="PASS">
          <reporter-output>
          </reporter-output>
        </test-method> <!-- verifyLoginPopUp -->
        <test-method is-config="true" signature="closeBrowser()[pri:0, instance:com.flipkart.test.HomePageTest@568ff82]" started-at="2020-08-04T08:51:20Z" name="closeBrowser" finished-at="2020-08-04T08:51:21Z" duration-ms="1037" status="PASS">
          <reporter-output>
          </reporter-output>
        </test-method> <!-- closeBrowser -->
      </class> <!-- com.flipkart.test.HomePageTest -->
    </test> <!-- Flipkart Demo Automation -->
  </suite> <!-- Flipkart Automation Suite -->
</testng-results>
